<?xml version="1.0" encoding="UTF-8"?>
<!-- Generated by org.testng.reporters.JUnitReportReporter -->
<testsuite hostname="vamshikrishna" failures="0" tests="4" name="testClasses.LogsTest" time="0.051" errors="0" timestamp="2025-02-19T17:00:54 IST" skipped="0">
  <testcase classname="testClasses.LogsTest" name="testMethod3" time="0.006"/>
  <testcase classname="testClasses.LogsTest" name="testMethod2" time="0.008"/>
  <testcase classname="testClasses.LogsTest" name="testMethod4" time="0.004"/>
  <testcase classname="testClasses.LogsTest" name="testMethod1" time="0.033"/>
</testsuite> <!-- testClasses.LogsTest -->
