<?xml version="1.0" encoding="UTF-8"?>
<!-- Generated by org.testng.reporters.JUnitReportReporter -->
<testsuite hostname="vamshikrishna" failures="0" tests="1" name="testClasses.loginTest" time="63.580" errors="0" timestamp="2025-01-19T19:35:55 IST" skipped="0">
  <testcase classname="testClasses.loginTest" name="login" time="63.580"/>
</testsuite> <!-- testClasses.loginTest -->
