<?xml version="1.0" encoding="UTF-8"?>
<!-- Generated by org.testng.reporters.JUnitReportReporter -->
<testsuite hostname="vamshikrishna" failures="0" tests="1" name="testClasses.sampleTest" time="124.556" errors="0" timestamp="2025-01-18T20:18:01 IST" skipped="0">
  <testcase classname="testClasses.sampleTest" name="RegistrationTest" time="124.556"/>
</testsuite> <!-- testClasses.sampleTest -->
