<?xml version="1.0" encoding="UTF-8"?>
<!-- Generated by org.testng.reporters.JUnitReportReporter -->
<testsuite hostname="vamshikrishna" failures="0" tests="1" name="testClasses.fullTeamSetUpTest" time="52.891" errors="0" timestamp="2025-01-21T11:43:32 IST" skipped="0">
  <testcase classname="testClasses.fullTeamSetUpTest" name="teamSetUp" time="52.891"/>
</testsuite> <!-- testClasses.fullTeamSetUpTest -->
