<?xml version="1.0" encoding="UTF-8"?>
<!-- Generated by org.testng.reporters.JUnitReportReporter -->
<testsuite hostname="vamshikrishna" failures="0" tests="4" name="LogsPractise.LogPractise1" time="0.097" errors="0" timestamp="2025-02-19T21:38:57 IST" skipped="1">
  <testcase classname="LogsPractise.LogPractise1" name="testMethod4" time="0.018"/>
  <testcase classname="LogsPractise.LogPractise1" name="testMethod2" time="0.055"/>
  <testcase classname="LogsPractise.LogPractise1" name="testMethod3" time="0.024"/>
  <testcase classname="LogsPractise.LogPractise1" name="testMethod1">
    <skipped/>
  </testcase> <!-- testMethod1 -->
</testsuite> <!-- LogsPractise.LogPractise1 -->
